Started GET "/lists/2" for 127.0.0.1 at 2023-08-17 14:51:20 +0200
  [1m[36mActiveRecord::SchemaMigration Pluck (1.4ms)[0m  [1m[34mSELECT "schema_migrations"."version" FROM "schema_migrations" ORDER BY "schema_migrations"."version" ASC[0m
Processing by ListsController#show as HTML
  Parameters: {"id"=>"2"}
  [1m[36mList Load (0.5ms)[0m  [1m[34mSELECT "lists".* FROM "lists" WHERE "lists"."id" = $1 LIMIT $2[0m  [["id", 2], ["LIMIT", 1]]
  ↳ app/controllers/lists_controller.rb:34:in `set_list'
  Rendering layout layouts/application.html.erb
  Rendering lists/show.html.erb within layouts/application
  Rendered lists/show.html.erb within layouts/application (Duration: 113.6ms | Allocations: 66358)
  Rendered layout layouts/application.html.erb (Duration: 114.6ms | Allocations: 67714)
Completed 500 Internal Server Error in 152ms (ActiveRecord: 15.4ms | Allocations: 89741)


  
ActionView::Template::Error (Error: File to import not found or unreadable: bootstrap/scss/bootstrap.
        on line 8:1 of app/assets/stylesheets/application.scss
>> @import "bootstrap/scss/bootstrap";

   ^
):
  
app/assets/stylesheets/application.scss:8
Started GET "/lists/2" for 127.0.0.1 at 2023-08-17 14:51:45 +0200
Processing by ListsController#show as HTML
  Parameters: {"id"=>"2"}
  [1m[36mList Load (5.9ms)[0m  [1m[34mSELECT "lists".* FROM "lists" WHERE "lists"."id" = $1 LIMIT $2[0m  [["id", 2], ["LIMIT", 1]]
  ↳ app/controllers/lists_controller.rb:34:in `set_list'
  Rendering layout layouts/application.html.erb
  Rendering lists/show.html.erb within layouts/application
  Rendered lists/show.html.erb within layouts/application (Duration: 30.3ms | Allocations: 25417)
  Rendered layout layouts/application.html.erb (Duration: 30.5ms | Allocations: 25506)
Completed 500 Internal Server Error in 45ms (ActiveRecord: 5.9ms | Allocations: 26409)


  
ActionView::Template::Error (Error: File to import not found or unreadable: bootstrap.
        on line 8:1 of app/assets/stylesheets/application.scss
>> @import "bootstrap";

   ^
):
  
app/assets/stylesheets/application.scss:8
Started GET "/lists/2" for 127.0.0.1 at 2023-08-17 14:52:18 +0200
  [1m[36mActiveRecord::SchemaMigration Pluck (0.5ms)[0m  [1m[34mSELECT "schema_migrations"."version" FROM "schema_migrations" ORDER BY "schema_migrations"."version" ASC[0m
Processing by ListsController#show as HTML
  Parameters: {"id"=>"2"}
  [1m[36mList Load (0.3ms)[0m  [1m[34mSELECT "lists".* FROM "lists" WHERE "lists"."id" = $1 LIMIT $2[0m  [["id", 2], ["LIMIT", 1]]
  ↳ app/controllers/lists_controller.rb:34:in `set_list'
  Rendering layout layouts/application.html.erb
  Rendering lists/show.html.erb within layouts/application
  Rendered lists/show.html.erb within layouts/application (Duration: 23.6ms | Allocations: 29340)
  Rendered layout layouts/application.html.erb (Duration: 23.7ms | Allocations: 29455)
Completed 500 Internal Server Error in 48ms (ActiveRecord: 10.9ms | Allocations: 48177)


  
ActionView::Template::Error (Error: File to import not found or unreadable: bootstrap/scss/bootstrap.
        on line 8:1 of app/assets/stylesheets/application.scss
>> @import "bootstrap/scss/bootstrap";

   ^
):
  
app/assets/stylesheets/application.scss:8
Started GET "/lists/2" for 127.0.0.1 at 2023-08-17 14:52:20 +0200
Processing by ListsController#show as HTML
  Parameters: {"id"=>"2"}
  [1m[36mList Load (1.5ms)[0m  [1m[34mSELECT "lists".* FROM "lists" WHERE "lists"."id" = $1 LIMIT $2[0m  [["id", 2], ["LIMIT", 1]]
  ↳ app/controllers/lists_controller.rb:34:in `set_list'
  Rendering layout layouts/application.html.erb
  Rendering lists/show.html.erb within layouts/application
  [1m[36mMovie Count (3.1ms)[0m  [1m[34mSELECT COUNT(*) FROM "movies" INNER JOIN "bookmarks" ON "movies"."id" = "bookmarks"."movie_id" WHERE "bookmarks"."list_id" = $1[0m  [["list_id", 2]]
  ↳ app/views/lists/show.html.erb:5
  [1m[36mReview Exists? (1.0ms)[0m  [1m[34mSELECT 1 AS one FROM "reviews" WHERE "reviews"."list_id" = $1 LIMIT $2[0m  [["list_id", 2], ["LIMIT", 1]]
  ↳ app/views/lists/show.html.erb:41
  [1m[36mReview Load (0.1ms)[0m  [1m[34mSELECT "reviews".* FROM "reviews" WHERE "reviews"."list_id" = $1[0m  [["list_id", 2]]
  ↳ app/views/lists/show.html.erb:44
  [1m[36mMovie Load (0.5ms)[0m  [1m[34mSELECT "movies".* FROM "movies" ORDER BY "movies"."title" ASC[0m
  ↳ app/views/bookmarks/_modal.html.erb:12
  Rendered bookmarks/_modal.html.erb (Duration: 10.6ms | Allocations: 17934)
  Rendered lists/show.html.erb within layouts/application (Duration: 127.0ms | Allocations: 85833)
  Rendered layout layouts/application.html.erb (Duration: 131.0ms | Allocations: 89243)
Completed 500 Internal Server Error in 153ms (ActiveRecord: 13.0ms | Allocations: 90149)


  
ActionView::Template::Error (Error: File to import not found or unreadable: bootstrap/scss/bootstrap.
        on line 8:1 of app/assets/stylesheets/application.scss
>> @import "bootstrap/scss/bootstrap";

   ^
):
     6:     <%= csrf_meta_tags %>
     7:     <%= csp_meta_tag %>
     8: 
     9:     <%= stylesheet_link_tag "application", "data-turbo-track": "reload" %>
    10:     <%= javascript_include_tag "application", "data-turbo-track": "reload", defer: true %>
    11:   </head>
    12:   <body>
  
app/assets/stylesheets/application.scss:8
app/views/layouts/application.html.erb:9
Started GET "/lists/2" for 127.0.0.1 at 2023-08-17 14:53:05 +0200
Processing by ListsController#show as HTML
  Parameters: {"id"=>"2"}
  [1m[36mList Load (0.6ms)[0m  [1m[34mSELECT "lists".* FROM "lists" WHERE "lists"."id" = $1 LIMIT $2[0m  [["id", 2], ["LIMIT", 1]]
  ↳ app/controllers/lists_controller.rb:34:in `set_list'
  Rendering layout layouts/application.html.erb
  Rendering lists/show.html.erb within layouts/application
  [1m[36mMovie Count (0.9ms)[0m  [1m[34mSELECT COUNT(*) FROM "movies" INNER JOIN "bookmarks" ON "movies"."id" = "bookmarks"."movie_id" WHERE "bookmarks"."list_id" = $1[0m  [["list_id", 2]]
  ↳ app/views/lists/show.html.erb:5
  [1m[36mReview Exists? (10.5ms)[0m  [1m[34mSELECT 1 AS one FROM "reviews" WHERE "reviews"."list_id" = $1 LIMIT $2[0m  [["list_id", 2], ["LIMIT", 1]]
  ↳ app/views/lists/show.html.erb:41
  [1m[36mReview Load (0.5ms)[0m  [1m[34mSELECT "reviews".* FROM "reviews" WHERE "reviews"."list_id" = $1[0m  [["list_id", 2]]
  ↳ app/views/lists/show.html.erb:44
  [1m[36mMovie Load (0.4ms)[0m  [1m[34mSELECT "movies".* FROM "movies" ORDER BY "movies"."title" ASC[0m
  ↳ app/views/bookmarks/_modal.html.erb:12
  Rendered bookmarks/_modal.html.erb (Duration: 11.9ms | Allocations: 14896)
  Rendered lists/show.html.erb within layouts/application (Duration: 65.5ms | Allocations: 35717)
  Rendered layout layouts/application.html.erb (Duration: 71.2ms | Allocations: 38669)
Completed 500 Internal Server Error in 77ms (ActiveRecord: 12.8ms | Allocations: 39511)


  
ActionView::Template::Error (Error: File to import not found or unreadable: bootstrap/scss/bootstrap.
        on line 8:1 of app/assets/stylesheets/application.scss
>> @import "bootstrap/scss/bootstrap";

   ^
):
     6:     <%= csrf_meta_tags %>
     7:     <%= csp_meta_tag %>
     8: 
     9:     <%= stylesheet_link_tag "application", "data-turbo-track": "reload" %>
    10:     <%= javascript_include_tag "application", "data-turbo-track": "reload", defer: true %>
    11:   </head>
    12:   <body>
  
app/assets/stylesheets/application.scss:8
app/views/layouts/application.html.erb:9
Started GET "/lists/2" for 127.0.0.1 at 2023-08-17 14:53:06 +0200
Processing by ListsController#show as HTML
  Parameters: {"id"=>"2"}
  [1m[36mList Load (0.3ms)[0m  [1m[34mSELECT "lists".* FROM "lists" WHERE "lists"."id" = $1 LIMIT $2[0m  [["id", 2], ["LIMIT", 1]]
  ↳ app/controllers/lists_controller.rb:34:in `set_list'
  Rendering layout layouts/application.html.erb
  Rendering lists/show.html.erb within layouts/application
  [1m[36mMovie Count (0.7ms)[0m  [1m[34mSELECT COUNT(*) FROM "movies" INNER JOIN "bookmarks" ON "movies"."id" = "bookmarks"."movie_id" WHERE "bookmarks"."list_id" = $1[0m  [["list_id", 2]]
  ↳ app/views/lists/show.html.erb:5
  [1m[36mReview Exists? (0.5ms)[0m  [1m[34mSELECT 1 AS one FROM "reviews" WHERE "reviews"."list_id" = $1 LIMIT $2[0m  [["list_id", 2], ["LIMIT", 1]]
  ↳ app/views/lists/show.html.erb:41
  [1m[36mReview Load (0.3ms)[0m  [1m[34mSELECT "reviews".* FROM "reviews" WHERE "reviews"."list_id" = $1[0m  [["list_id", 2]]
  ↳ app/views/lists/show.html.erb:44
  [1m[36mMovie Load (11.6ms)[0m  [1m[34mSELECT "movies".* FROM "movies" ORDER BY "movies"."title" ASC[0m
  ↳ app/views/bookmarks/_modal.html.erb:12
  Rendered bookmarks/_modal.html.erb (Duration: 33.5ms | Allocations: 14895)
  Rendered lists/show.html.erb within layouts/application (Duration: 67.4ms | Allocations: 35557)
  Rendered layout layouts/application.html.erb (Duration: 73.5ms | Allocations: 38508)
Completed 500 Internal Server Error in 76ms (ActiveRecord: 13.4ms | Allocations: 39290)


  
ActionView::Template::Error (Error: File to import not found or unreadable: bootstrap/scss/bootstrap.
        on line 8:1 of app/assets/stylesheets/application.scss
>> @import "bootstrap/scss/bootstrap";

   ^
):
     6:     <%= csrf_meta_tags %>
     7:     <%= csp_meta_tag %>
     8: 
     9:     <%= stylesheet_link_tag "application", "data-turbo-track": "reload" %>
    10:     <%= javascript_include_tag "application", "data-turbo-track": "reload", defer: true %>
    11:   </head>
    12:   <body>
  
app/assets/stylesheets/application.scss:8
app/views/layouts/application.html.erb:9
Started GET "/lists/2" for 127.0.0.1 at 2023-08-17 14:53:07 +0200
Processing by ListsController#show as HTML
  Parameters: {"id"=>"2"}
  [1m[36mList Load (3.0ms)[0m  [1m[34mSELECT "lists".* FROM "lists" WHERE "lists"."id" = $1 LIMIT $2[0m  [["id", 2], ["LIMIT", 1]]
  ↳ app/controllers/lists_controller.rb:34:in `set_list'
  Rendering layout layouts/application.html.erb
  Rendering lists/show.html.erb within layouts/application
  [1m[36mMovie Count (1.2ms)[0m  [1m[34mSELECT COUNT(*) FROM "movies" INNER JOIN "bookmarks" ON "movies"."id" = "bookmarks"."movie_id" WHERE "bookmarks"."list_id" = $1[0m  [["list_id", 2]]
  ↳ app/views/lists/show.html.erb:5
  [1m[36mReview Exists? (0.3ms)[0m  [1m[34mSELECT 1 AS one FROM "reviews" WHERE "reviews"."list_id" = $1 LIMIT $2[0m  [["list_id", 2], ["LIMIT", 1]]
  ↳ app/views/lists/show.html.erb:41
  [1m[36mReview Load (0.2ms)[0m  [1m[34mSELECT "reviews".* FROM "reviews" WHERE "reviews"."list_id" = $1[0m  [["list_id", 2]]
  ↳ app/views/lists/show.html.erb:44
  [1m[36mMovie Load (0.6ms)[0m  [1m[34mSELECT "movies".* FROM "movies" ORDER BY "movies"."title" ASC[0m
  ↳ app/views/bookmarks/_modal.html.erb:12
  Rendered bookmarks/_modal.html.erb (Duration: 18.8ms | Allocations: 14895)
  Rendered lists/show.html.erb within layouts/application (Duration: 55.6ms | Allocations: 35557)
  Rendered layout layouts/application.html.erb (Duration: 65.8ms | Allocations: 38508)
Completed 500 Internal Server Error in 72ms (ActiveRecord: 5.3ms | Allocations: 39290)


  
ActionView::Template::Error (Error: File to import not found or unreadable: bootstrap/scss/bootstrap.
        on line 8:1 of app/assets/stylesheets/application.scss
>> @import "bootstrap/scss/bootstrap";

   ^
):
     6:     <%= csrf_meta_tags %>
     7:     <%= csp_meta_tag %>
     8: 
     9:     <%= stylesheet_link_tag "application", "data-turbo-track": "reload" %>
    10:     <%= javascript_include_tag "application", "data-turbo-track": "reload", defer: true %>
    11:   </head>
    12:   <body>
  
app/assets/stylesheets/application.scss:8
app/views/layouts/application.html.erb:9
Started GET "/lists/2" for 127.0.0.1 at 2023-08-17 14:53:18 +0200
Processing by ListsController#show as HTML
  Parameters: {"id"=>"2"}
  [1m[36mList Load (0.5ms)[0m  [1m[34mSELECT "lists".* FROM "lists" WHERE "lists"."id" = $1 LIMIT $2[0m  [["id", 2], ["LIMIT", 1]]
  ↳ app/controllers/lists_controller.rb:34:in `set_list'
  Rendering layout layouts/application.html.erb
  Rendering lists/show.html.erb within layouts/application
  [1m[36mMovie Count (12.5ms)[0m  [1m[34mSELECT COUNT(*) FROM "movies" INNER JOIN "bookmarks" ON "movies"."id" = "bookmarks"."movie_id" WHERE "bookmarks"."list_id" = $1[0m  [["list_id", 2]]
  ↳ app/views/lists/show.html.erb:5
  [1m[36mReview Exists? (0.8ms)[0m  [1m[34mSELECT 1 AS one FROM "reviews" WHERE "reviews"."list_id" = $1 LIMIT $2[0m  [["list_id", 2], ["LIMIT", 1]]
  ↳ app/views/lists/show.html.erb:41
  [1m[36mReview Load (0.3ms)[0m  [1m[34mSELECT "reviews".* FROM "reviews" WHERE "reviews"."list_id" = $1[0m  [["list_id", 2]]
  ↳ app/views/lists/show.html.erb:44
  [1m[36mMovie Load (0.6ms)[0m  [1m[34mSELECT "movies".* FROM "movies" ORDER BY "movies"."title" ASC[0m
  ↳ app/views/bookmarks/_modal.html.erb:12
  Rendered bookmarks/_modal.html.erb (Duration: 12.8ms | Allocations: 14895)
  Rendered lists/show.html.erb within layouts/application (Duration: 49.8ms | Allocations: 35556)
  Rendered layout layouts/application.html.erb (Duration: 56.7ms | Allocations: 39448)
Completed 500 Internal Server Error in 63ms (ActiveRecord: 14.6ms | Allocations: 40214)


  
ActionView::Template::Error (Error: File to import not found or unreadable: bootstrap.
        on line 8:1 of app/assets/stylesheets/application.scss
>> @import "bootstrap";

   ^
):
     6:     <%= csrf_meta_tags %>
     7:     <%= csp_meta_tag %>
     8: 
     9:     <%= stylesheet_link_tag "application", "data-turbo-track": "reload" %>
    10:     <%= javascript_include_tag "application", "data-turbo-track": "reload", defer: true %>
    11:   </head>
    12:   <body>
  
app/assets/stylesheets/application.scss:8
app/views/layouts/application.html.erb:9
Started GET "/lists/2" for 127.0.0.1 at 2023-08-17 14:53:20 +0200
Processing by ListsController#show as HTML
  Parameters: {"id"=>"2"}
  [1m[36mList Load (14.4ms)[0m  [1m[34mSELECT "lists".* FROM "lists" WHERE "lists"."id" = $1 LIMIT $2[0m  [["id", 2], ["LIMIT", 1]]
  ↳ app/controllers/lists_controller.rb:34:in `set_list'
  Rendering layout layouts/application.html.erb
  Rendering lists/show.html.erb within layouts/application
  [1m[36mMovie Count (1.3ms)[0m  [1m[34mSELECT COUNT(*) FROM "movies" INNER JOIN "bookmarks" ON "movies"."id" = "bookmarks"."movie_id" WHERE "bookmarks"."list_id" = $1[0m  [["list_id", 2]]
  ↳ app/views/lists/show.html.erb:5
  [1m[36mReview Exists? (0.4ms)[0m  [1m[34mSELECT 1 AS one FROM "reviews" WHERE "reviews"."list_id" = $1 LIMIT $2[0m  [["list_id", 2], ["LIMIT", 1]]
  ↳ app/views/lists/show.html.erb:41
  [1m[36mReview Load (0.2ms)[0m  [1m[34mSELECT "reviews".* FROM "reviews" WHERE "reviews"."list_id" = $1[0m  [["list_id", 2]]
  ↳ app/views/lists/show.html.erb:44
  [1m[36mMovie Load (0.5ms)[0m  [1m[34mSELECT "movies".* FROM "movies" ORDER BY "movies"."title" ASC[0m
  ↳ app/views/bookmarks/_modal.html.erb:12
  Rendered bookmarks/_modal.html.erb (Duration: 19.1ms | Allocations: 14895)
  Rendered lists/show.html.erb within layouts/application (Duration: 53.6ms | Allocations: 35555)
  Rendered layout layouts/application.html.erb (Duration: 58.6ms | Allocations: 39387)
Completed 500 Internal Server Error in 101ms (ActiveRecord: 16.9ms | Allocations: 40153)


  
ActionView::Template::Error (Error: File to import not found or unreadable: bootstrap.
        on line 8:1 of app/assets/stylesheets/application.scss
>> @import "bootstrap";

   ^
):
     6:     <%= csrf_meta_tags %>
     7:     <%= csp_meta_tag %>
     8: 
     9:     <%= stylesheet_link_tag "application", "data-turbo-track": "reload" %>
    10:     <%= javascript_include_tag "application", "data-turbo-track": "reload", defer: true %>
    11:   </head>
    12:   <body>
  
app/assets/stylesheets/application.scss:8
app/views/layouts/application.html.erb:9
Started GET "/lists/2" for 127.0.0.1 at 2023-08-17 14:53:21 +0200
Processing by ListsController#show as HTML
  Parameters: {"id"=>"2"}
  [1m[36mList Load (0.4ms)[0m  [1m[34mSELECT "lists".* FROM "lists" WHERE "lists"."id" = $1 LIMIT $2[0m  [["id", 2], ["LIMIT", 1]]
  ↳ app/controllers/lists_controller.rb:34:in `set_list'
  Rendering layout layouts/application.html.erb
  Rendering lists/show.html.erb within layouts/application
  [1m[36mMovie Count (0.8ms)[0m  [1m[34mSELECT COUNT(*) FROM "movies" INNER JOIN "bookmarks" ON "movies"."id" = "bookmarks"."movie_id" WHERE "bookmarks"."list_id" = $1[0m  [["list_id", 2]]
  ↳ app/views/lists/show.html.erb:5
  [1m[36mReview Exists? (0.2ms)[0m  [1m[34mSELECT 1 AS one FROM "reviews" WHERE "reviews"."list_id" = $1 LIMIT $2[0m  [["list_id", 2], ["LIMIT", 1]]
  ↳ app/views/lists/show.html.erb:41
  [1m[36mReview Load (22.8ms)[0m  [1m[34mSELECT "reviews".* FROM "reviews" WHERE "reviews"."list_id" = $1[0m  [["list_id", 2]]
  ↳ app/views/lists/show.html.erb:44
  [1m[36mMovie Load (0.4ms)[0m  [1m[34mSELECT "movies".* FROM "movies" ORDER BY "movies"."title" ASC[0m
  ↳ app/views/bookmarks/_modal.html.erb:12
  Rendered bookmarks/_modal.html.erb (Duration: 14.4ms | Allocations: 14895)
  Rendered lists/show.html.erb within layouts/application (Duration: 76.2ms | Allocations: 35555)
  Rendered layout layouts/application.html.erb (Duration: 82.3ms | Allocations: 39387)
Completed 500 Internal Server Error in 88ms (ActiveRecord: 24.6ms | Allocations: 40153)


  
ActionView::Template::Error (Error: File to import not found or unreadable: bootstrap.
        on line 8:1 of app/assets/stylesheets/application.scss
>> @import "bootstrap";

   ^
):
     6:     <%= csrf_meta_tags %>
     7:     <%= csp_meta_tag %>
     8: 
     9:     <%= stylesheet_link_tag "application", "data-turbo-track": "reload" %>
    10:     <%= javascript_include_tag "application", "data-turbo-track": "reload", defer: true %>
    11:   </head>
    12:   <body>
  
app/assets/stylesheets/application.scss:8
app/views/layouts/application.html.erb:9
Started GET "/lists/2" for 127.0.0.1 at 2023-08-17 14:53:30 +0200
Processing by ListsController#show as HTML
  Parameters: {"id"=>"2"}
  [1m[36mList Load (0.3ms)[0m  [1m[34mSELECT "lists".* FROM "lists" WHERE "lists"."id" = $1 LIMIT $2[0m  [["id", 2], ["LIMIT", 1]]
  ↳ app/controllers/lists_controller.rb:34:in `set_list'
  Rendering layout layouts/application.html.erb
  Rendering lists/show.html.erb within layouts/application
  [1m[36mMovie Count (1.0ms)[0m  [1m[34mSELECT COUNT(*) FROM "movies" INNER JOIN "bookmarks" ON "movies"."id" = "bookmarks"."movie_id" WHERE "bookmarks"."list_id" = $1[0m  [["list_id", 2]]
  ↳ app/views/lists/show.html.erb:5
  [1m[36mReview Exists? (0.2ms)[0m  [1m[34mSELECT 1 AS one FROM "reviews" WHERE "reviews"."list_id" = $1 LIMIT $2[0m  [["list_id", 2], ["LIMIT", 1]]
  ↳ app/views/lists/show.html.erb:41
  [1m[36mReview Load (0.1ms)[0m  [1m[34mSELECT "reviews".* FROM "reviews" WHERE "reviews"."list_id" = $1[0m  [["list_id", 2]]
  ↳ app/views/lists/show.html.erb:44
  [1m[36mMovie Load (0.5ms)[0m  [1m[34mSELECT "movies".* FROM "movies" ORDER BY "movies"."title" ASC[0m
  ↳ app/views/bookmarks/_modal.html.erb:12
  Rendered bookmarks/_modal.html.erb (Duration: 14.1ms | Allocations: 14896)
  Rendered lists/show.html.erb within layouts/application (Duration: 59.5ms | Allocations: 35561)
  Rendered layout layouts/application.html.erb (Duration: 64.6ms | Allocations: 39394)
Completed 500 Internal Server Error in 69ms (ActiveRecord: 2.2ms | Allocations: 40160)


  
ActionView::Template::Error (Error: File to import not found or unreadable: bootstrap.
        on line 8:1 of app/assets/stylesheets/application.scss
>> @import "bootstrap";

   ^
):
     6:     <%= csrf_meta_tags %>
     7:     <%= csp_meta_tag %>
     8: 
     9:     <%= stylesheet_link_tag "application", "data-turbo-track": "reload" %>
    10:     <%= javascript_include_tag "application", "data-turbo-track": "reload", defer: true %>
    11:   </head>
    12:   <body>
  
app/assets/stylesheets/application.scss:8
app/views/layouts/application.html.erb:9
Started GET "/lists/2" for 127.0.0.1 at 2023-08-17 14:53:31 +0200
Processing by ListsController#show as HTML
  Parameters: {"id"=>"2"}
  [1m[36mList Load (0.4ms)[0m  [1m[34mSELECT "lists".* FROM "lists" WHERE "lists"."id" = $1 LIMIT $2[0m  [["id", 2], ["LIMIT", 1]]
  ↳ app/controllers/lists_controller.rb:34:in `set_list'
  Rendering layout layouts/application.html.erb
  Rendering lists/show.html.erb within layouts/application
  [1m[36mMovie Count (0.5ms)[0m  [1m[34mSELECT COUNT(*) FROM "movies" INNER JOIN "bookmarks" ON "movies"."id" = "bookmarks"."movie_id" WHERE "bookmarks"."list_id" = $1[0m  [["list_id", 2]]
  ↳ app/views/lists/show.html.erb:5
  [1m[36mReview Exists? (0.3ms)[0m  [1m[34mSELECT 1 AS one FROM "reviews" WHERE "reviews"."list_id" = $1 LIMIT $2[0m  [["list_id", 2], ["LIMIT", 1]]
  ↳ app/views/lists/show.html.erb:41
  [1m[36mReview Load (0.1ms)[0m  [1m[34mSELECT "reviews".* FROM "reviews" WHERE "reviews"."list_id" = $1[0m  [["list_id", 2]]
  ↳ app/views/lists/show.html.erb:44
  [1m[36mMovie Load (0.5ms)[0m  [1m[34mSELECT "movies".* FROM "movies" ORDER BY "movies"."title" ASC[0m
  ↳ app/views/bookmarks/_modal.html.erb:12
  Rendered bookmarks/_modal.html.erb (Duration: 12.6ms | Allocations: 14895)
  Rendered lists/show.html.erb within layouts/application (Duration: 33.6ms | Allocations: 35555)
  Rendered layout layouts/application.html.erb (Duration: 38.2ms | Allocations: 39387)
Completed 500 Internal Server Error in 41ms (ActiveRecord: 1.8ms | Allocations: 40153)


  
ActionView::Template::Error (Error: File to import not found or unreadable: bootstrap.
        on line 8:1 of app/assets/stylesheets/application.scss
>> @import "bootstrap";

   ^
):
     6:     <%= csrf_meta_tags %>
     7:     <%= csp_meta_tag %>
     8: 
     9:     <%= stylesheet_link_tag "application", "data-turbo-track": "reload" %>
    10:     <%= javascript_include_tag "application", "data-turbo-track": "reload", defer: true %>
    11:   </head>
    12:   <body>
  
app/assets/stylesheets/application.scss:8
app/views/layouts/application.html.erb:9
Started GET "/lists/2" for 127.0.0.1 at 2023-08-17 14:53:41 +0200
  [1m[36mActiveRecord::SchemaMigration Pluck (1.2ms)[0m  [1m[34mSELECT "schema_migrations"."version" FROM "schema_migrations" ORDER BY "schema_migrations"."version" ASC[0m
Processing by ListsController#show as HTML
  Parameters: {"id"=>"2"}
  [1m[36mList Load (0.5ms)[0m  [1m[34mSELECT "lists".* FROM "lists" WHERE "lists"."id" = $1 LIMIT $2[0m  [["id", 2], ["LIMIT", 1]]
  ↳ app/controllers/lists_controller.rb:34:in `set_list'
  Rendering layout layouts/application.html.erb
  Rendering lists/show.html.erb within layouts/application
  [1m[36mMovie Count (1.4ms)[0m  [1m[34mSELECT COUNT(*) FROM "movies" INNER JOIN "bookmarks" ON "movies"."id" = "bookmarks"."movie_id" WHERE "bookmarks"."list_id" = $1[0m  [["list_id", 2]]
  ↳ app/views/lists/show.html.erb:5
  [1m[36mReview Exists? (0.7ms)[0m  [1m[34mSELECT 1 AS one FROM "reviews" WHERE "reviews"."list_id" = $1 LIMIT $2[0m  [["list_id", 2], ["LIMIT", 1]]
  ↳ app/views/lists/show.html.erb:41
  [1m[36mReview Load (0.1ms)[0m  [1m[34mSELECT "reviews".* FROM "reviews" WHERE "reviews"."list_id" = $1[0m  [["list_id", 2]]
  ↳ app/views/lists/show.html.erb:44
  [1m[36mMovie Load (0.5ms)[0m  [1m[34mSELECT "movies".* FROM "movies" ORDER BY "movies"."title" ASC[0m
  ↳ app/views/bookmarks/_modal.html.erb:12
  Rendered bookmarks/_modal.html.erb (Duration: 9.2ms | Allocations: 17951)
  Rendered lists/show.html.erb within layouts/application (Duration: 3402.2ms | Allocations: 209883)
  Rendered layout layouts/application.html.erb (Duration: 3422.5ms | Allocations: 220590)
Completed 500 Internal Server Error in 3492ms (ActiveRecord: 35.6ms | Allocations: 239324)


  
ActionView::Template::Error (The asset "application.js" is not present in the asset pipeline.
):
     7:     <%= csp_meta_tag %>
     8: 
     9:     <%= stylesheet_link_tag "application", "data-turbo-track": "reload" %>
    10:     <%= javascript_include_tag "application", "data-turbo-track": "reload", defer: true %>
    11:   </head>
    12:   <body>
    13:     <%= render 'shared/navbar' %>
  
app/views/layouts/application.html.erb:10
Started GET "/lists/2" for 127.0.0.1 at 2023-08-17 14:53:59 +0200
Processing by ListsController#show as HTML
  Parameters: {"id"=>"2"}
  [1m[36mList Load (0.5ms)[0m  [1m[34mSELECT "lists".* FROM "lists" WHERE "lists"."id" = $1 LIMIT $2[0m  [["id", 2], ["LIMIT", 1]]
  ↳ app/controllers/lists_controller.rb:34:in `set_list'
  Rendering layout layouts/application.html.erb
  Rendering lists/show.html.erb within layouts/application
  [1m[36mMovie Count (0.8ms)[0m  [1m[34mSELECT COUNT(*) FROM "movies" INNER JOIN "bookmarks" ON "movies"."id" = "bookmarks"."movie_id" WHERE "bookmarks"."list_id" = $1[0m  [["list_id", 2]]
  ↳ app/views/lists/show.html.erb:5
  [1m[36mReview Exists? (0.2ms)[0m  [1m[34mSELECT 1 AS one FROM "reviews" WHERE "reviews"."list_id" = $1 LIMIT $2[0m  [["list_id", 2], ["LIMIT", 1]]
  ↳ app/views/lists/show.html.erb:41
  [1m[36mReview Load (0.1ms)[0m  [1m[34mSELECT "reviews".* FROM "reviews" WHERE "reviews"."list_id" = $1[0m  [["list_id", 2]]
  ↳ app/views/lists/show.html.erb:44
  [1m[36mMovie Load (0.6ms)[0m  [1m[34mSELECT "movies".* FROM "movies" ORDER BY "movies"."title" ASC[0m
  ↳ app/views/bookmarks/_modal.html.erb:12
  Rendered bookmarks/_modal.html.erb (Duration: 19.5ms | Allocations: 14940)
  Rendered lists/show.html.erb within layouts/application (Duration: 48.8ms | Allocations: 36128)
  Rendered layout layouts/application.html.erb (Duration: 58.0ms | Allocations: 46016)
Completed 500 Internal Server Error in 80ms (ActiveRecord: 2.2ms | Allocations: 46917)


  
ActionView::Template::Error (The asset "application.js" is not present in the asset pipeline.
):
     7:     <%= csp_meta_tag %>
     8: 
     9:     <%= stylesheet_link_tag "application", "data-turbo-track": "reload" %>
    10:     <%= javascript_include_tag "application", "data-turbo-track": "reload", defer: true %>
    11:   </head>
    12:   <body>
    13:     <%= render 'shared/navbar' %>
  
app/views/layouts/application.html.erb:10
Started GET "/lists/2" for 127.0.0.1 at 2023-08-17 14:54:49 +0200
  [1m[36mActiveRecord::SchemaMigration Pluck (1.2ms)[0m  [1m[34mSELECT "schema_migrations"."version" FROM "schema_migrations" ORDER BY "schema_migrations"."version" ASC[0m
Processing by ListsController#show as HTML
  Parameters: {"id"=>"2"}
  [1m[36mList Load (0.5ms)[0m  [1m[34mSELECT "lists".* FROM "lists" WHERE "lists"."id" = $1 LIMIT $2[0m  [["id", 2], ["LIMIT", 1]]
  ↳ app/controllers/lists_controller.rb:34:in `set_list'
  Rendering layout layouts/application.html.erb
  Rendering lists/show.html.erb within layouts/application
  [1m[36mMovie Count (12.4ms)[0m  [1m[34mSELECT COUNT(*) FROM "movies" INNER JOIN "bookmarks" ON "movies"."id" = "bookmarks"."movie_id" WHERE "bookmarks"."list_id" = $1[0m  [["list_id", 2]]
  ↳ app/views/lists/show.html.erb:5
  [1m[36mReview Exists? (0.6ms)[0m  [1m[34mSELECT 1 AS one FROM "reviews" WHERE "reviews"."list_id" = $1 LIMIT $2[0m  [["list_id", 2], ["LIMIT", 1]]
  ↳ app/views/lists/show.html.erb:41
  [1m[36mReview Load (0.1ms)[0m  [1m[34mSELECT "reviews".* FROM "reviews" WHERE "reviews"."list_id" = $1[0m  [["list_id", 2]]
  ↳ app/views/lists/show.html.erb:44
  [1m[36mMovie Load (0.4ms)[0m  [1m[34mSELECT "movies".* FROM "movies" ORDER BY "movies"."title" ASC[0m
  ↳ app/views/bookmarks/_modal.html.erb:12
  Rendered bookmarks/_modal.html.erb (Duration: 8.3ms | Allocations: 17889)
  Rendered lists/show.html.erb within layouts/application (Duration: 54.3ms | Allocations: 56049)
  Rendered shared/_navbar.html.erb (Duration: 0.4ms | Allocations: 429)
  Rendered shared/_flashes.html.erb (Duration: 0.2ms | Allocations: 237)
  Rendered layout layouts/application.html.erb (Duration: 55.8ms | Allocations: 57650)
Completed 200 OK in 84ms (Views: 39.8ms | ActiveRecord: 28.8ms | Allocations: 76419)


Started POST "/lists/2/bookmarks" for 127.0.0.1 at 2023-08-17 14:56:05 +0200
Processing by BookmarksController#create as TURBO_STREAM
  Parameters: {"authenticity_token"=>"[FILTERED]", "bookmark"=>{"movie_id"=>"18", "comment"=>"nice"}, "commit"=>"Add movie", "list_id"=>"2"}
  [1m[36mList Load (1.2ms)[0m  [1m[34mSELECT "lists".* FROM "lists" WHERE "lists"."id" = $1 LIMIT $2[0m  [["id", 2], ["LIMIT", 1]]
  ↳ app/controllers/bookmarks_controller.rb:35:in `set_list'
  [1m[36mTRANSACTION (0.1ms)[0m  [1m[35mBEGIN[0m
  ↳ app/controllers/bookmarks_controller.rb:12:in `create'
  [1m[36mMovie Load (0.3ms)[0m  [1m[34mSELECT "movies".* FROM "movies" WHERE "movies"."id" = $1 LIMIT $2[0m  [["id", 18], ["LIMIT", 1]]
  ↳ app/controllers/bookmarks_controller.rb:12:in `create'
  [1m[36mBookmark Exists? (0.5ms)[0m  [1m[34mSELECT 1 AS one FROM "bookmarks" WHERE "bookmarks"."movie_id" = $1 AND "bookmarks"."list_id" = $2 LIMIT $3[0m  [["movie_id", 18], ["list_id", 2], ["LIMIT", 1]]
  ↳ app/controllers/bookmarks_controller.rb:12:in `create'
  [1m[36mTRANSACTION (0.6ms)[0m  [1m[31mROLLBACK[0m
  ↳ app/controllers/bookmarks_controller.rb:12:in `create'
  Rendering layout layouts/application.html.erb
  Rendering bookmarks/new.html.erb within layouts/application
  [1m[36mMovie Load (0.4ms)[0m  [1m[34mSELECT "movies".* FROM "movies"[0m
  ↳ app/views/bookmarks/new.html.erb:8
  Rendered bookmarks/new.html.erb within layouts/application (Duration: 11.2ms | Allocations: 16909)
  Rendered shared/_navbar.html.erb (Duration: 0.1ms | Allocations: 208)
  Rendered shared/_flashes.html.erb (Duration: 0.0ms | Allocations: 43)
  Rendered layout layouts/application.html.erb (Duration: 12.0ms | Allocations: 17789)
Completed 200 OK in 55ms (Views: 12.6ms | ActiveRecord: 3.1ms | Allocations: 24821)


Started POST "/lists/2/bookmarks" for 127.0.0.1 at 2023-08-17 14:56:06 +0200
Processing by BookmarksController#create as TURBO_STREAM
  Parameters: {"authenticity_token"=>"[FILTERED]", "bookmark"=>{"movie_id"=>"18", "comment"=>"nice"}, "commit"=>"Add movie", "list_id"=>"2"}
  [1m[36mList Load (0.6ms)[0m  [1m[34mSELECT "lists".* FROM "lists" WHERE "lists"."id" = $1 LIMIT $2[0m  [["id", 2], ["LIMIT", 1]]
  ↳ app/controllers/bookmarks_controller.rb:35:in `set_list'
  [1m[36mTRANSACTION (0.3ms)[0m  [1m[35mBEGIN[0m
  ↳ app/controllers/bookmarks_controller.rb:12:in `create'
  [1m[36mMovie Load (0.3ms)[0m  [1m[34mSELECT "movies".* FROM "movies" WHERE "movies"."id" = $1 LIMIT $2[0m  [["id", 18], ["LIMIT", 1]]
  ↳ app/controllers/bookmarks_controller.rb:12:in `create'
  [1m[36mBookmark Exists? (12.5ms)[0m  [1m[34mSELECT 1 AS one FROM "bookmarks" WHERE "bookmarks"."movie_id" = $1 AND "bookmarks"."list_id" = $2 LIMIT $3[0m  [["movie_id", 18], ["list_id", 2], ["LIMIT", 1]]
  ↳ app/controllers/bookmarks_controller.rb:12:in `create'
  [1m[36mTRANSACTION (0.2ms)[0m  [1m[31mROLLBACK[0m
  ↳ app/controllers/bookmarks_controller.rb:12:in `create'
  Rendering layout layouts/application.html.erb
  Rendering bookmarks/new.html.erb within layouts/application
  [1m[36mMovie Load (0.5ms)[0m  [1m[34mSELECT "movies".* FROM "movies"[0m
  ↳ app/views/bookmarks/new.html.erb:8
  Rendered bookmarks/new.html.erb within layouts/application (Duration: 33.9ms | Allocations: 16104)
  Rendered shared/_navbar.html.erb (Duration: 0.1ms | Allocations: 178)
  Rendered shared/_flashes.html.erb (Duration: 0.0ms | Allocations: 31)
  Rendered layout layouts/application.html.erb (Duration: 34.6ms | Allocations: 16813)
Completed 200 OK in 60ms (Views: 34.6ms | ActiveRecord: 14.4ms | Allocations: 21636)


Started POST "/lists/2/bookmarks" for 127.0.0.1 at 2023-08-17 14:56:07 +0200
Processing by BookmarksController#create as TURBO_STREAM
  Parameters: {"authenticity_token"=>"[FILTERED]", "bookmark"=>{"movie_id"=>"18", "comment"=>"nice"}, "commit"=>"Add movie", "list_id"=>"2"}
  [1m[36mList Load (1.1ms)[0m  [1m[34mSELECT "lists".* FROM "lists" WHERE "lists"."id" = $1 LIMIT $2[0m  [["id", 2], ["LIMIT", 1]]
  ↳ app/controllers/bookmarks_controller.rb:35:in `set_list'
  [1m[36mTRANSACTION (0.1ms)[0m  [1m[35mBEGIN[0m
  ↳ app/controllers/bookmarks_controller.rb:12:in `create'
  [1m[36mMovie Load (0.3ms)[0m  [1m[34mSELECT "movies".* FROM "movies" WHERE "movies"."id" = $1 LIMIT $2[0m  [["id", 18], ["LIMIT", 1]]
  ↳ app/controllers/bookmarks_controller.rb:12:in `create'
  [1m[36mBookmark Exists? (0.9ms)[0m  [1m[34mSELECT 1 AS one FROM "bookmarks" WHERE "bookmarks"."movie_id" = $1 AND "bookmarks"."list_id" = $2 LIMIT $3[0m  [["movie_id", 18], ["list_id", 2], ["LIMIT", 1]]
  ↳ app/controllers/bookmarks_controller.rb:12:in `create'
  [1m[36mTRANSACTION (0.2ms)[0m  [1m[31mROLLBACK[0m
  ↳ app/controllers/bookmarks_controller.rb:12:in `create'
  Rendering layout layouts/application.html.erb
  Rendering bookmarks/new.html.erb within layouts/application
  [1m[36mMovie Load (1.4ms)[0m  [1m[34mSELECT "movies".* FROM "movies"[0m
  ↳ app/views/bookmarks/new.html.erb:8
  Rendered bookmarks/new.html.erb within layouts/application (Duration: 20.3ms | Allocations: 16095)
  Rendered shared/_navbar.html.erb (Duration: 0.2ms | Allocations: 178)
  Rendered shared/_flashes.html.erb (Duration: 0.0ms | Allocations: 31)
  Rendered layout layouts/application.html.erb (Duration: 21.5ms | Allocations: 16803)
Completed 200 OK in 35ms (Views: 20.5ms | ActiveRecord: 4.1ms | Allocations: 21407)


Started POST "/lists/2/bookmarks" for 127.0.0.1 at 2023-08-17 14:56:13 +0200
Processing by BookmarksController#create as TURBO_STREAM
  Parameters: {"authenticity_token"=>"[FILTERED]", "bookmark"=>{"movie_id"=>"18", "comment"=>"nice"}, "commit"=>"Add movie", "list_id"=>"2"}
  [1m[36mList Load (0.4ms)[0m  [1m[34mSELECT "lists".* FROM "lists" WHERE "lists"."id" = $1 LIMIT $2[0m  [["id", 2], ["LIMIT", 1]]
  ↳ app/controllers/bookmarks_controller.rb:35:in `set_list'
  [1m[36mTRANSACTION (0.2ms)[0m  [1m[35mBEGIN[0m
  ↳ app/controllers/bookmarks_controller.rb:12:in `create'
  [1m[36mMovie Load (0.4ms)[0m  [1m[34mSELECT "movies".* FROM "movies" WHERE "movies"."id" = $1 LIMIT $2[0m  [["id", 18], ["LIMIT", 1]]
  ↳ app/controllers/bookmarks_controller.rb:12:in `create'
  [1m[36mBookmark Exists? (0.6ms)[0m  [1m[34mSELECT 1 AS one FROM "bookmarks" WHERE "bookmarks"."movie_id" = $1 AND "bookmarks"."list_id" = $2 LIMIT $3[0m  [["movie_id", 18], ["list_id", 2], ["LIMIT", 1]]
  ↳ app/controllers/bookmarks_controller.rb:12:in `create'
  [1m[36mTRANSACTION (0.1ms)[0m  [1m[31mROLLBACK[0m
  ↳ app/controllers/bookmarks_controller.rb:12:in `create'
  Rendering layout layouts/application.html.erb
  Rendering bookmarks/new.html.erb within layouts/application
  [1m[36mMovie Load (0.6ms)[0m  [1m[34mSELECT "movies".* FROM "movies"[0m
  ↳ app/views/bookmarks/new.html.erb:8
  Rendered bookmarks/new.html.erb within layouts/application (Duration: 18.5ms | Allocations: 16098)
  Rendered shared/_navbar.html.erb (Duration: 0.2ms | Allocations: 178)
  Rendered shared/_flashes.html.erb (Duration: 0.1ms | Allocations: 31)
  Rendered layout layouts/application.html.erb (Duration: 19.6ms | Allocations: 16807)
Completed 200 OK in 37ms (Views: 19.6ms | ActiveRecord: 2.4ms | Allocations: 21435)


Started POST "/lists/2/bookmarks" for 127.0.0.1 at 2023-08-17 14:56:14 +0200
Processing by BookmarksController#create as TURBO_STREAM
  Parameters: {"authenticity_token"=>"[FILTERED]", "bookmark"=>{"movie_id"=>"18", "comment"=>"nice"}, "commit"=>"Add movie", "list_id"=>"2"}
  [1m[36mList Load (0.9ms)[0m  [1m[34mSELECT "lists".* FROM "lists" WHERE "lists"."id" = $1 LIMIT $2[0m  [["id", 2], ["LIMIT", 1]]
  ↳ app/controllers/bookmarks_controller.rb:35:in `set_list'
  [1m[36mTRANSACTION (0.2ms)[0m  [1m[35mBEGIN[0m
  ↳ app/controllers/bookmarks_controller.rb:12:in `create'
  [1m[36mMovie Load (0.5ms)[0m  [1m[34mSELECT "movies".* FROM "movies" WHERE "movies"."id" = $1 LIMIT $2[0m  [["id", 18], ["LIMIT", 1]]
  ↳ app/controllers/bookmarks_controller.rb:12:in `create'
  [1m[36mBookmark Exists? (0.5ms)[0m  [1m[34mSELECT 1 AS one FROM "bookmarks" WHERE "bookmarks"."movie_id" = $1 AND "bookmarks"."list_id" = $2 LIMIT $3[0m  [["movie_id", 18], ["list_id", 2], ["LIMIT", 1]]
  ↳ app/controllers/bookmarks_controller.rb:12:in `create'
  [1m[36mTRANSACTION (0.1ms)[0m  [1m[31mROLLBACK[0m
  ↳ app/controllers/bookmarks_controller.rb:12:in `create'
  Rendering layout layouts/application.html.erb
  Rendering bookmarks/new.html.erb within layouts/application
  [1m[36mMovie Load (0.4ms)[0m  [1m[34mSELECT "movies".* FROM "movies"[0m
  ↳ app/views/bookmarks/new.html.erb:8
  Rendered bookmarks/new.html.erb within layouts/application (Duration: 20.9ms | Allocations: 16095)
  Rendered shared/_navbar.html.erb (Duration: 0.5ms | Allocations: 178)
  Rendered shared/_flashes.html.erb (Duration: 0.0ms | Allocations: 31)
  Rendered layout layouts/application.html.erb (Duration: 22.2ms | Allocations: 16803)
Completed 200 OK in 36ms (Views: 22.5ms | ActiveRecord: 2.6ms | Allocations: 21404)


Started POST "/lists/2/bookmarks" for 127.0.0.1 at 2023-08-17 14:56:14 +0200
Processing by BookmarksController#create as TURBO_STREAM
  Parameters: {"authenticity_token"=>"[FILTERED]", "bookmark"=>{"movie_id"=>"18", "comment"=>"nice"}, "commit"=>"Add movie", "list_id"=>"2"}
  [1m[36mList Load (0.3ms)[0m  [1m[34mSELECT "lists".* FROM "lists" WHERE "lists"."id" = $1 LIMIT $2[0m  [["id", 2], ["LIMIT", 1]]
  ↳ app/controllers/bookmarks_controller.rb:35:in `set_list'
  [1m[36mTRANSACTION (0.3ms)[0m  [1m[35mBEGIN[0m
  ↳ app/controllers/bookmarks_controller.rb:12:in `create'
  [1m[36mMovie Load (0.4ms)[0m  [1m[34mSELECT "movies".* FROM "movies" WHERE "movies"."id" = $1 LIMIT $2[0m  [["id", 18], ["LIMIT", 1]]
  ↳ app/controllers/bookmarks_controller.rb:12:in `create'
  [1m[36mBookmark Exists? (0.4ms)[0m  [1m[34mSELECT 1 AS one FROM "bookmarks" WHERE "bookmarks"."movie_id" = $1 AND "bookmarks"."list_id" = $2 LIMIT $3[0m  [["movie_id", 18], ["list_id", 2], ["LIMIT", 1]]
  ↳ app/controllers/bookmarks_controller.rb:12:in `create'
  [1m[36mTRANSACTION (0.1ms)[0m  [1m[31mROLLBACK[0m
  ↳ app/controllers/bookmarks_controller.rb:12:in `create'
  Rendering layout layouts/application.html.erb
  Rendering bookmarks/new.html.erb within layouts/application
  [1m[36mMovie Load (0.5ms)[0m  [1m[34mSELECT "movies".* FROM "movies"[0m
  ↳ app/views/bookmarks/new.html.erb:8
  Rendered bookmarks/new.html.erb within layouts/application (Duration: 23.5ms | Allocations: 16095)
  Rendered shared/_navbar.html.erb (Duration: 0.2ms | Allocations: 178)
  Rendered shared/_flashes.html.erb (Duration: 0.0ms | Allocations: 31)
  Rendered layout layouts/application.html.erb (Duration: 25.3ms | Allocations: 16803)
Completed 200 OK in 37ms (Views: 25.4ms | ActiveRecord: 1.9ms | Allocations: 21406)


Started POST "/lists/2/bookmarks" for 127.0.0.1 at 2023-08-17 14:56:14 +0200
Processing by BookmarksController#create as TURBO_STREAM
  Parameters: {"authenticity_token"=>"[FILTERED]", "bookmark"=>{"movie_id"=>"18", "comment"=>"nice"}, "commit"=>"Add movie", "list_id"=>"2"}
  [1m[36mList Load (0.4ms)[0m  [1m[34mSELECT "lists".* FROM "lists" WHERE "lists"."id" = $1 LIMIT $2[0m  [["id", 2], ["LIMIT", 1]]
  ↳ app/controllers/bookmarks_controller.rb:35:in `set_list'
  [1m[36mTRANSACTION (0.2ms)[0m  [1m[35mBEGIN[0m
  ↳ app/controllers/bookmarks_controller.rb:12:in `create'
  [1m[36mMovie Load (0.2ms)[0m  [1m[34mSELECT "movies".* FROM "movies" WHERE "movies"."id" = $1 LIMIT $2[0m  [["id", 18], ["LIMIT", 1]]
  ↳ app/controllers/bookmarks_controller.rb:12:in `create'
  [1m[36mBookmark Exists? (0.7ms)[0m  [1m[34mSELECT 1 AS one FROM "bookmarks" WHERE "bookmarks"."movie_id" = $1 AND "bookmarks"."list_id" = $2 LIMIT $3[0m  [["movie_id", 18], ["list_id", 2], ["LIMIT", 1]]
  ↳ app/controllers/bookmarks_controller.rb:12:in `create'
  [1m[36mTRANSACTION (0.2ms)[0m  [1m[31mROLLBACK[0m
  ↳ app/controllers/bookmarks_controller.rb:12:in `create'
  Rendering layout layouts/application.html.erb
  Rendering bookmarks/new.html.erb within layouts/application
  [1m[36mMovie Load (0.4ms)[0m  [1m[34mSELECT "movies".* FROM "movies"[0m
  ↳ app/views/bookmarks/new.html.erb:8
  Rendered bookmarks/new.html.erb within layouts/application (Duration: 37.6ms | Allocations: 16102)
  Rendered shared/_navbar.html.erb (Duration: 0.1ms | Allocations: 178)
  Rendered shared/_flashes.html.erb (Duration: 0.0ms | Allocations: 31)
  Rendered layout layouts/application.html.erb (Duration: 38.1ms | Allocations: 16810)
Completed 200 OK in 64ms (Views: 39.9ms | ActiveRecord: 2.0ms | Allocations: 21408)


Started POST "/lists/2/bookmarks" for 127.0.0.1 at 2023-08-17 14:56:14 +0200
Processing by BookmarksController#create as TURBO_STREAM
  Parameters: {"authenticity_token"=>"[FILTERED]", "bookmark"=>{"movie_id"=>"18", "comment"=>"nice"}, "commit"=>"Add movie", "list_id"=>"2"}
  [1m[36mList Load (0.2ms)[0m  [1m[34mSELECT "lists".* FROM "lists" WHERE "lists"."id" = $1 LIMIT $2[0m  [["id", 2], ["LIMIT", 1]]
  ↳ app/controllers/bookmarks_controller.rb:35:in `set_list'
  [1m[36mTRANSACTION (0.1ms)[0m  [1m[35mBEGIN[0m
  ↳ app/controllers/bookmarks_controller.rb:12:in `create'
  [1m[36mMovie Load (0.1ms)[0m  [1m[34mSELECT "movies".* FROM "movies" WHERE "movies"."id" = $1 LIMIT $2[0m  [["id", 18], ["LIMIT", 1]]
  ↳ app/controllers/bookmarks_controller.rb:12:in `create'
  [1m[36mBookmark Exists? (0.3ms)[0m  [1m[34mSELECT 1 AS one FROM "bookmarks" WHERE "bookmarks"."movie_id" = $1 AND "bookmarks"."list_id" = $2 LIMIT $3[0m  [["movie_id", 18], ["list_id", 2], ["LIMIT", 1]]
  ↳ app/controllers/bookmarks_controller.rb:12:in `create'
  [1m[36mTRANSACTION (0.1ms)[0m  [1m[31mROLLBACK[0m
  ↳ app/controllers/bookmarks_controller.rb:12:in `create'
  Rendering layout layouts/application.html.erb
  Rendering bookmarks/new.html.erb within layouts/application
  [1m[36mMovie Load (0.3ms)[0m  [1m[34mSELECT "movies".* FROM "movies"[0m
  ↳ app/views/bookmarks/new.html.erb:8
  Rendered bookmarks/new.html.erb within layouts/application (Duration: 13.5ms | Allocations: 16097)
  Rendered shared/_navbar.html.erb (Duration: 0.1ms | Allocations: 178)
  Rendered shared/_flashes.html.erb (Duration: 0.0ms | Allocations: 31)
  Rendered layout layouts/application.html.erb (Duration: 14.1ms | Allocations: 16805)
Completed 200 OK in 20ms (Views: 14.0ms | ActiveRecord: 1.1ms | Allocations: 21394)


Started POST "/lists/2/bookmarks" for 127.0.0.1 at 2023-08-17 14:56:14 +0200
Processing by BookmarksController#create as TURBO_STREAM
  Parameters: {"authenticity_token"=>"[FILTERED]", "bookmark"=>{"movie_id"=>"18", "comment"=>"nice"}, "commit"=>"Add movie", "list_id"=>"2"}
  [1m[36mList Load (0.3ms)[0m  [1m[34mSELECT "lists".* FROM "lists" WHERE "lists"."id" = $1 LIMIT $2[0m  [["id", 2], ["LIMIT", 1]]
  ↳ app/controllers/bookmarks_controller.rb:35:in `set_list'
  [1m[36mTRANSACTION (0.2ms)[0m  [1m[35mBEGIN[0m
  ↳ app/controllers/bookmarks_controller.rb:12:in `create'
  [1m[36mMovie Load (0.3ms)[0m  [1m[34mSELECT "movies".* FROM "movies" WHERE "movies"."id" = $1 LIMIT $2[0m  [["id", 18], ["LIMIT", 1]]
  ↳ app/controllers/bookmarks_controller.rb:12:in `create'
  [1m[36mBookmark Exists? (0.7ms)[0m  [1m[34mSELECT 1 AS one FROM "bookmarks" WHERE "bookmarks"."movie_id" = $1 AND "bookmarks"."list_id" = $2 LIMIT $3[0m  [["movie_id", 18], ["list_id", 2], ["LIMIT", 1]]
  ↳ app/controllers/bookmarks_controller.rb:12:in `create'
  [1m[36mTRANSACTION (0.2ms)[0m  [1m[31mROLLBACK[0m
  ↳ app/controllers/bookmarks_controller.rb:12:in `create'
  Rendering layout layouts/application.html.erb
  Rendering bookmarks/new.html.erb within layouts/application
  [1m[36mMovie Load (0.6ms)[0m  [1m[34mSELECT "movies".* FROM "movies"[0m
  ↳ app/views/bookmarks/new.html.erb:8
  Rendered bookmarks/new.html.erb within layouts/application (Duration: 19.7ms | Allocations: 16095)
  Rendered shared/_navbar.html.erb (Duration: 0.2ms | Allocations: 178)
  Rendered shared/_flashes.html.erb (Duration: 0.1ms | Allocations: 31)
  Rendered layout layouts/application.html.erb (Duration: 20.5ms | Allocations: 16803)
Completed 200 OK in 36ms (Views: 20.4ms | ActiveRecord: 2.3ms | Allocations: 21409)


Started POST "/lists/2/bookmarks" for 127.0.0.1 at 2023-08-17 14:56:15 +0200
Processing by BookmarksController#create as TURBO_STREAM
  Parameters: {"authenticity_token"=>"[FILTERED]", "bookmark"=>{"movie_id"=>"18", "comment"=>"nice"}, "commit"=>"Add movie", "list_id"=>"2"}
  [1m[36mList Load (0.3ms)[0m  [1m[34mSELECT "lists".* FROM "lists" WHERE "lists"."id" = $1 LIMIT $2[0m  [["id", 2], ["LIMIT", 1]]
  ↳ app/controllers/bookmarks_controller.rb:35:in `set_list'
  [1m[36mTRANSACTION (0.3ms)[0m  [1m[35mBEGIN[0m
  ↳ app/controllers/bookmarks_controller.rb:12:in `create'
  [1m[36mMovie Load (0.5ms)[0m  [1m[34mSELECT "movies".* FROM "movies" WHERE "movies"."id" = $1 LIMIT $2[0m  [["id", 18], ["LIMIT", 1]]
  ↳ app/controllers/bookmarks_controller.rb:12:in `create'
  [1m[36mBookmark Exists? (0.5ms)[0m  [1m[34mSELECT 1 AS one FROM "bookmarks" WHERE "bookmarks"."movie_id" = $1 AND "bookmarks"."list_id" = $2 LIMIT $3[0m  [["movie_id", 18], ["list_id", 2], ["LIMIT", 1]]
  ↳ app/controllers/bookmarks_controller.rb:12:in `create'
  [1m[36mTRANSACTION (0.1ms)[0m  [1m[31mROLLBACK[0m
  ↳ app/controllers/bookmarks_controller.rb:12:in `create'
  Rendering layout layouts/application.html.erb
  Rendering bookmarks/new.html.erb within layouts/application
  [1m[36mMovie Load (0.5ms)[0m  [1m[34mSELECT "movies".* FROM "movies"[0m
  ↳ app/views/bookmarks/new.html.erb:8
  Rendered bookmarks/new.html.erb within layouts/application (Duration: 19.3ms | Allocations: 16096)
  Rendered shared/_navbar.html.erb (Duration: 0.2ms | Allocations: 178)
  Rendered shared/_flashes.html.erb (Duration: 0.0ms | Allocations: 31)
  Rendered layout layouts/application.html.erb (Duration: 20.2ms | Allocations: 16804)
Completed 200 OK in 32ms (Views: 20.0ms | ActiveRecord: 2.2ms | Allocations: 21395)


Started POST "/lists/2/bookmarks" for 127.0.0.1 at 2023-08-17 14:56:15 +0200
Processing by BookmarksController#create as TURBO_STREAM
  Parameters: {"authenticity_token"=>"[FILTERED]", "bookmark"=>{"movie_id"=>"18", "comment"=>"nice"}, "commit"=>"Add movie", "list_id"=>"2"}
  [1m[36mList Load (0.3ms)[0m  [1m[34mSELECT "lists".* FROM "lists" WHERE "lists"."id" = $1 LIMIT $2[0m  [["id", 2], ["LIMIT", 1]]
  ↳ app/controllers/bookmarks_controller.rb:35:in `set_list'
  [1m[36mTRANSACTION (0.8ms)[0m  [1m[35mBEGIN[0m
  ↳ app/controllers/bookmarks_controller.rb:12:in `create'
  [1m[36mMovie Load (0.3ms)[0m  [1m[34mSELECT "movies".* FROM "movies" WHERE "movies"."id" = $1 LIMIT $2[0m  [["id", 18], ["LIMIT", 1]]
  ↳ app/controllers/bookmarks_controller.rb:12:in `create'
  [1m[36mBookmark Exists? (0.5ms)[0m  [1m[34mSELECT 1 AS one FROM "bookmarks" WHERE "bookmarks"."movie_id" = $1 AND "bookmarks"."list_id" = $2 LIMIT $3[0m  [["movie_id", 18], ["list_id", 2], ["LIMIT", 1]]
  ↳ app/controllers/bookmarks_controller.rb:12:in `create'
  [1m[36mTRANSACTION (0.2ms)[0m  [1m[31mROLLBACK[0m
  ↳ app/controllers/bookmarks_controller.rb:12:in `create'
  Rendering layout layouts/application.html.erb
  Rendering bookmarks/new.html.erb within layouts/application
  [1m[36mMovie Load (0.6ms)[0m  [1m[34mSELECT "movies".* FROM "movies"[0m
  ↳ app/views/bookmarks/new.html.erb:8
  Rendered bookmarks/new.html.erb within layouts/application (Duration: 18.7ms | Allocations: 16095)
  Rendered shared/_navbar.html.erb (Duration: 0.2ms | Allocations: 178)
  Rendered shared/_flashes.html.erb (Duration: 0.0ms | Allocations: 31)
  Rendered layout layouts/application.html.erb (Duration: 19.6ms | Allocations: 16804)
Completed 200 OK in 33ms (Views: 19.3ms | ActiveRecord: 2.6ms | Allocations: 21412)


Started POST "/lists/2/bookmarks" for 127.0.0.1 at 2023-08-17 14:56:15 +0200
Processing by BookmarksController#create as TURBO_STREAM
  Parameters: {"authenticity_token"=>"[FILTERED]", "bookmark"=>{"movie_id"=>"18", "comment"=>"nice"}, "commit"=>"Add movie", "list_id"=>"2"}
  [1m[36mList Load (0.5ms)[0m  [1m[34mSELECT "lists".* FROM "lists" WHERE "lists"."id" = $1 LIMIT $2[0m  [["id", 2], ["LIMIT", 1]]
  ↳ app/controllers/bookmarks_controller.rb:35:in `set_list'
  [1m[36mTRANSACTION (0.3ms)[0m  [1m[35mBEGIN[0m
  ↳ app/controllers/bookmarks_controller.rb:12:in `create'
  [1m[36mMovie Load (0.3ms)[0m  [1m[34mSELECT "movies".* FROM "movies" WHERE "movies"."id" = $1 LIMIT $2[0m  [["id", 18], ["LIMIT", 1]]
  ↳ app/controllers/bookmarks_controller.rb:12:in `create'
  [1m[36mBookmark Exists? (0.5ms)[0m  [1m[34mSELECT 1 AS one FROM "bookmarks" WHERE "bookmarks"."movie_id" = $1 AND "bookmarks"."list_id" = $2 LIMIT $3[0m  [["movie_id", 18], ["list_id", 2], ["LIMIT", 1]]
  ↳ app/controllers/bookmarks_controller.rb:12:in `create'
  [1m[36mTRANSACTION (0.1ms)[0m  [1m[31mROLLBACK[0m
  ↳ app/controllers/bookmarks_controller.rb:12:in `create'
  Rendering layout layouts/application.html.erb
  Rendering bookmarks/new.html.erb within layouts/application
  [1m[36mMovie Load (0.8ms)[0m  [1m[34mSELECT "movies".* FROM "movies"[0m
  ↳ app/views/bookmarks/new.html.erb:8
  Rendered bookmarks/new.html.erb within layouts/application (Duration: 22.4ms | Allocations: 16103)
  Rendered shared/_navbar.html.erb (Duration: 0.2ms | Allocations: 178)
  Rendered shared/_flashes.html.erb (Duration: 0.1ms | Allocations: 31)
  Rendered layout layouts/application.html.erb (Duration: 23.5ms | Allocations: 16811)
Completed 200 OK in 36ms (Views: 23.4ms | ActiveRecord: 2.4ms | Allocations: 21433)


Started POST "/lists/2/bookmarks" for 127.0.0.1 at 2023-08-17 14:56:16 +0200
Processing by BookmarksController#create as TURBO_STREAM
  Parameters: {"authenticity_token"=>"[FILTERED]", "bookmark"=>{"movie_id"=>"18", "comment"=>"nice"}, "commit"=>"Add movie", "list_id"=>"2"}
  [1m[36mList Load (0.3ms)[0m  [1m[34mSELECT "lists".* FROM "lists" WHERE "lists"."id" = $1 LIMIT $2[0m  [["id", 2], ["LIMIT", 1]]
  ↳ app/controllers/bookmarks_controller.rb:35:in `set_list'
  [1m[36mTRANSACTION (0.2ms)[0m  [1m[35mBEGIN[0m
  ↳ app/controllers/bookmarks_controller.rb:12:in `create'
  [1m[36mMovie Load (0.3ms)[0m  [1m[34mSELECT "movies".* FROM "movies" WHERE "movies"."id" = $1 LIMIT $2[0m  [["id", 18], ["LIMIT", 1]]
  ↳ app/controllers/bookmarks_controller.rb:12:in `create'
  [1m[36mBookmark Exists? (0.4ms)[0m  [1m[34mSELECT 1 AS one FROM "bookmarks" WHERE "bookmarks"."movie_id" = $1 AND "bookmarks"."list_id" = $2 LIMIT $3[0m  [["movie_id", 18], ["list_id", 2], ["LIMIT", 1]]
  ↳ app/controllers/bookmarks_controller.rb:12:in `create'
  [1m[36mTRANSACTION (0.1ms)[0m  [1m[31mROLLBACK[0m
  ↳ app/controllers/bookmarks_controller.rb:12:in `create'
  Rendering layout layouts/application.html.erb
  Rendering bookmarks/new.html.erb within layouts/application
  [1m[36mMovie Load (0.5ms)[0m  [1m[34mSELECT "movies".* FROM "movies"[0m
  ↳ app/views/bookmarks/new.html.erb:8
  Rendered bookmarks/new.html.erb within layouts/application (Duration: 19.3ms | Allocations: 16101)
  Rendered shared/_navbar.html.erb (Duration: 0.2ms | Allocations: 178)
  Rendered shared/_flashes.html.erb (Duration: 0.1ms | Allocations: 31)
  Rendered layout layouts/application.html.erb (Duration: 20.4ms | Allocations: 16809)
Completed 200 OK in 35ms (Views: 20.4ms | ActiveRecord: 1.8ms | Allocations: 21397)


Started POST "/lists/2/bookmarks" for 127.0.0.1 at 2023-08-17 14:56:16 +0200
Processing by BookmarksController#create as TURBO_STREAM
  Parameters: {"authenticity_token"=>"[FILTERED]", "bookmark"=>{"movie_id"=>"18", "comment"=>"nice"}, "commit"=>"Add movie", "list_id"=>"2"}
  [1m[36mList Load (0.5ms)[0m  [1m[34mSELECT "lists".* FROM "lists" WHERE "lists"."id" = $1 LIMIT $2[0m  [["id", 2], ["LIMIT", 1]]
  ↳ app/controllers/bookmarks_controller.rb:35:in `set_list'
  [1m[36mTRANSACTION (0.2ms)[0m  [1m[35mBEGIN[0m
  ↳ app/controllers/bookmarks_controller.rb:12:in `create'
  [1m[36mMovie Load (0.2ms)[0m  [1m[34mSELECT "movies".* FROM "movies" WHERE "movies"."id" = $1 LIMIT $2[0m  [["id", 18], ["LIMIT", 1]]
  ↳ app/controllers/bookmarks_controller.rb:12:in `create'
  [1m[36mBookmark Exists? (0.6ms)[0m  [1m[34mSELECT 1 AS one FROM "bookmarks" WHERE "bookmarks"."movie_id" = $1 AND "bookmarks"."list_id" = $2 LIMIT $3[0m  [["movie_id", 18], ["list_id", 2], ["LIMIT", 1]]
  ↳ app/controllers/bookmarks_controller.rb:12:in `create'
  [1m[36mTRANSACTION (0.2ms)[0m  [1m[31mROLLBACK[0m
  ↳ app/controllers/bookmarks_controller.rb:12:in `create'
  Rendering layout layouts/application.html.erb
  Rendering bookmarks/new.html.erb within layouts/application
  [1m[36mMovie Load (0.8ms)[0m  [1m[34mSELECT "movies".* FROM "movies"[0m
  ↳ app/views/bookmarks/new.html.erb:8
  Rendered bookmarks/new.html.erb within layouts/application (Duration: 19.3ms | Allocations: 16096)
  Rendered shared/_navbar.html.erb (Duration: 0.2ms | Allocations: 178)
  Rendered shared/_flashes.html.erb (Duration: 0.1ms | Allocations: 31)
  Rendered layout layouts/application.html.erb (Duration: 20.5ms | Allocations: 16804)
Completed 200 OK in 31ms (Views: 20.1ms | ActiveRecord: 2.4ms | Allocations: 21408)


Started POST "/lists/2/bookmarks" for 127.0.0.1 at 2023-08-17 14:56:17 +0200
Processing by BookmarksController#create as TURBO_STREAM
  Parameters: {"authenticity_token"=>"[FILTERED]", "bookmark"=>{"movie_id"=>"18", "comment"=>"nice"}, "commit"=>"Add movie", "list_id"=>"2"}
  [1m[36mList Load (0.4ms)[0m  [1m[34mSELECT "lists".* FROM "lists" WHERE "lists"."id" = $1 LIMIT $2[0m  [["id", 2], ["LIMIT", 1]]
  ↳ app/controllers/bookmarks_controller.rb:35:in `set_list'
  [1m[36mTRANSACTION (0.1ms)[0m  [1m[35mBEGIN[0m
  ↳ app/controllers/bookmarks_controller.rb:12:in `create'
  [1m[36mMovie Load (0.2ms)[0m  [1m[34mSELECT "movies".* FROM "movies" WHERE "movies"."id" = $1 LIMIT $2[0m  [["id", 18], ["LIMIT", 1]]
  ↳ app/controllers/bookmarks_controller.rb:12:in `create'
  [1m[36mBookmark Exists? (0.5ms)[0m  [1m[34mSELECT 1 AS one FROM "bookmarks" WHERE "bookmarks"."movie_id" = $1 AND "bookmarks"."list_id" = $2 LIMIT $3[0m  [["movie_id", 18], ["list_id", 2], ["LIMIT", 1]]
  ↳ app/controllers/bookmarks_controller.rb:12:in `create'
  [1m[36mTRANSACTION (0.1ms)[0m  [1m[31mROLLBACK[0m
  ↳ app/controllers/bookmarks_controller.rb:12:in `create'
  Rendering layout layouts/application.html.erb
  Rendering bookmarks/new.html.erb within layouts/application
  [1m[36mMovie Load (0.4ms)[0m  [1m[34mSELECT "movies".* FROM "movies"[0m
  ↳ app/views/bookmarks/new.html.erb:8
  Rendered bookmarks/new.html.erb within layouts/application (Duration: 22.8ms | Allocations: 16098)
  Rendered shared/_navbar.html.erb (Duration: 0.2ms | Allocations: 178)
  Rendered shared/_flashes.html.erb (Duration: 0.0ms | Allocations: 31)
  Rendered layout layouts/application.html.erb (Duration: 23.8ms | Allocations: 16806)
Completed 200 OK in 35ms (Views: 24.0ms | ActiveRecord: 1.7ms | Allocations: 21403)


Started GET "/lists/2" for 127.0.0.1 at 2023-08-17 14:56:17 +0200
Processing by ListsController#show as HTML
  Parameters: {"id"=>"2"}
  [1m[36mList Load (0.2ms)[0m  [1m[34mSELECT "lists".* FROM "lists" WHERE "lists"."id" = $1 LIMIT $2[0m  [["id", 2], ["LIMIT", 1]]
  ↳ app/controllers/lists_controller.rb:34:in `set_list'
  Rendering layout layouts/application.html.erb
  Rendering lists/show.html.erb within layouts/application
  [1m[36mMovie Count (0.7ms)[0m  [1m[34mSELECT COUNT(*) FROM "movies" INNER JOIN "bookmarks" ON "movies"."id" = "bookmarks"."movie_id" WHERE "bookmarks"."list_id" = $1[0m  [["list_id", 2]]
  ↳ app/views/lists/show.html.erb:5
  [1m[36mReview Exists? (0.4ms)[0m  [1m[34mSELECT 1 AS one FROM "reviews" WHERE "reviews"."list_id" = $1 LIMIT $2[0m  [["list_id", 2], ["LIMIT", 1]]
  ↳ app/views/lists/show.html.erb:41
  [1m[36mReview Load (0.2ms)[0m  [1m[34mSELECT "reviews".* FROM "reviews" WHERE "reviews"."list_id" = $1[0m  [["list_id", 2]]
  ↳ app/views/lists/show.html.erb:44
  [1m[36mMovie Load (0.5ms)[0m  [1m[34mSELECT "movies".* FROM "movies" ORDER BY "movies"."title" ASC[0m
  ↳ app/views/bookmarks/_modal.html.erb:12
  Rendered bookmarks/_modal.html.erb (Duration: 13.5ms | Allocations: 14917)
  Rendered lists/show.html.erb within layouts/application (Duration: 34.5ms | Allocations: 31413)
  Rendered shared/_navbar.html.erb (Duration: 0.3ms | Allocations: 177)
  Rendered shared/_flashes.html.erb (Duration: 0.0ms | Allocations: 31)
  Rendered layout layouts/application.html.erb (Duration: 35.7ms | Allocations: 32102)
Completed 200 OK in 38ms (Views: 34.3ms | ActiveRecord: 2.0ms | Allocations: 32900)


Started GET "/" for 127.0.0.1 at 2023-08-17 14:56:22 +0200
Processing by ListsController#index as HTML
  Rendering layout layouts/application.html.erb
  Rendering lists/index.html.erb within layouts/application
  [1m[36mList Load (0.9ms)[0m  [1m[34mSELECT "lists".* FROM "lists"[0m
  ↳ app/views/lists/index.html.erb:13
  Rendered lists/index.html.erb within layouts/application (Duration: 24.5ms | Allocations: 1097)
  Rendered shared/_navbar.html.erb (Duration: 0.1ms | Allocations: 178)
  Rendered shared/_flashes.html.erb (Duration: 0.0ms | Allocations: 31)
  Rendered layout layouts/application.html.erb (Duration: 28.8ms | Allocations: 2279)
Completed 200 OK in 32ms (Views: 28.7ms | ActiveRecord: 0.9ms | Allocations: 2595)


Started GET "/lists/3" for 127.0.0.1 at 2023-08-17 14:56:23 +0200
Processing by ListsController#show as HTML
  Parameters: {"id"=>"3"}
  [1m[36mList Load (0.2ms)[0m  [1m[34mSELECT "lists".* FROM "lists" WHERE "lists"."id" = $1 LIMIT $2[0m  [["id", 3], ["LIMIT", 1]]
  ↳ app/controllers/lists_controller.rb:34:in `set_list'
  Rendering layout layouts/application.html.erb
  Rendering lists/show.html.erb within layouts/application
  [1m[36mMovie Count (1.1ms)[0m  [1m[34mSELECT COUNT(*) FROM "movies" INNER JOIN "bookmarks" ON "movies"."id" = "bookmarks"."movie_id" WHERE "bookmarks"."list_id" = $1[0m  [["list_id", 3]]
  ↳ app/views/lists/show.html.erb:5
  [1m[36mReview Exists? (0.2ms)[0m  [1m[34mSELECT 1 AS one FROM "reviews" WHERE "reviews"."list_id" = $1 LIMIT $2[0m  [["list_id", 3], ["LIMIT", 1]]
  ↳ app/views/lists/show.html.erb:41
  [1m[36mReview Load (0.1ms)[0m  [1m[34mSELECT "reviews".* FROM "reviews" WHERE "reviews"."list_id" = $1[0m  [["list_id", 3]]
  ↳ app/views/lists/show.html.erb:44
  [1m[36mMovie Load (1.1ms)[0m  [1m[34mSELECT "movies".* FROM "movies" ORDER BY "movies"."title" ASC[0m
  ↳ app/views/bookmarks/_modal.html.erb:12
  Rendered bookmarks/_modal.html.erb (Duration: 12.1ms | Allocations: 14909)
  Rendered lists/show.html.erb within layouts/application (Duration: 39.6ms | Allocations: 31349)
  Rendered shared/_navbar.html.erb (Duration: 0.1ms | Allocations: 177)
  Rendered shared/_flashes.html.erb (Duration: 0.0ms | Allocations: 31)
  Rendered layout layouts/application.html.erb (Duration: 40.4ms | Allocations: 32038)
Completed 200 OK in 43ms (Views: 38.2ms | ActiveRecord: 2.9ms | Allocations: 32834)


Started POST "/lists/3/bookmarks" for 127.0.0.1 at 2023-08-17 14:56:30 +0200
Processing by BookmarksController#create as TURBO_STREAM
  Parameters: {"authenticity_token"=>"[FILTERED]", "bookmark"=>{"movie_id"=>"5", "comment"=>"iugdsjkfgjkdshfljsd"}, "commit"=>"Add movie", "list_id"=>"3"}
  [1m[36mList Load (0.6ms)[0m  [1m[34mSELECT "lists".* FROM "lists" WHERE "lists"."id" = $1 LIMIT $2[0m  [["id", 3], ["LIMIT", 1]]
  ↳ app/controllers/bookmarks_controller.rb:35:in `set_list'
  [1m[36mTRANSACTION (0.2ms)[0m  [1m[35mBEGIN[0m
  ↳ app/controllers/bookmarks_controller.rb:12:in `create'
  [1m[36mMovie Load (22.8ms)[0m  [1m[34mSELECT "movies".* FROM "movies" WHERE "movies"."id" = $1 LIMIT $2[0m  [["id", 5], ["LIMIT", 1]]
  ↳ app/controllers/bookmarks_controller.rb:12:in `create'
  [1m[36mBookmark Exists? (1.0ms)[0m  [1m[34mSELECT 1 AS one FROM "bookmarks" WHERE "bookmarks"."movie_id" = $1 AND "bookmarks"."list_id" = $2 LIMIT $3[0m  [["movie_id", 5], ["list_id", 3], ["LIMIT", 1]]
  ↳ app/controllers/bookmarks_controller.rb:12:in `create'
  [1m[36mBookmark Create (7.7ms)[0m  [1m[32mINSERT INTO "bookmarks" ("comment", "movie_id", "list_id", "created_at", "updated_at") VALUES ($1, $2, $3, $4, $5) RETURNING "id"[0m  [["comment", "iugdsjkfgjkdshfljsd"], ["movie_id", 5], ["list_id", 3], ["created_at", "2023-08-17 12:56:30.408959"], ["updated_at", "2023-08-17 12:56:30.408959"]]
  ↳ app/controllers/bookmarks_controller.rb:12:in `create'
  [1m[36mTRANSACTION (0.5ms)[0m  [1m[35mCOMMIT[0m
  ↳ app/controllers/bookmarks_controller.rb:12:in `create'
Redirected to http://127.0.0.1:3000/lists/3
Completed 302 Found in 61ms (ActiveRecord: 32.8ms | Allocations: 5665)


Started GET "/lists/3" for 127.0.0.1 at 2023-08-17 14:56:30 +0200
Processing by ListsController#show as TURBO_STREAM
  Parameters: {"id"=>"3"}
  [1m[36mList Load (0.2ms)[0m  [1m[34mSELECT "lists".* FROM "lists" WHERE "lists"."id" = $1 LIMIT $2[0m  [["id", 3], ["LIMIT", 1]]
  ↳ app/controllers/lists_controller.rb:34:in `set_list'
  Rendering layout layouts/application.html.erb
  Rendering lists/show.html.erb within layouts/application
  [1m[36mMovie Count (11.8ms)[0m  [1m[34mSELECT COUNT(*) FROM "movies" INNER JOIN "bookmarks" ON "movies"."id" = "bookmarks"."movie_id" WHERE "bookmarks"."list_id" = $1[0m  [["list_id", 3]]
  ↳ app/views/lists/show.html.erb:5
  [1m[36mMovie Exists? (0.6ms)[0m  [1m[34mSELECT 1 AS one FROM "movies" INNER JOIN "bookmarks" ON "movies"."id" = "bookmarks"."movie_id" WHERE "bookmarks"."list_id" = $1 LIMIT $2[0m  [["list_id", 3], ["LIMIT", 1]]
  ↳ app/views/lists/show.html.erb:9
  [1m[36mMovie Load (0.3ms)[0m  [1m[34mSELECT "movies".* FROM "movies" INNER JOIN "bookmarks" ON "movies"."id" = "bookmarks"."movie_id" WHERE "bookmarks"."list_id" = $1[0m  [["list_id", 3]]
  ↳ app/views/lists/show.html.erb:18
  [1m[36mBookmark Load (0.2ms)[0m  [1m[34mSELECT "bookmarks".* FROM "bookmarks" WHERE "bookmarks"."list_id" = $1 AND "bookmarks"."movie_id" = $2 LIMIT $3[0m  [["list_id", 3], ["movie_id", 5], ["LIMIT", 1]]
  ↳ app/views/lists/show.html.erb:19
  [1m[36mReview Exists? (0.4ms)[0m  [1m[34mSELECT 1 AS one FROM "reviews" WHERE "reviews"."list_id" = $1 LIMIT $2[0m  [["list_id", 3], ["LIMIT", 1]]
  ↳ app/views/lists/show.html.erb:41
  [1m[36mReview Load (0.4ms)[0m  [1m[34mSELECT "reviews".* FROM "reviews" WHERE "reviews"."list_id" = $1[0m  [["list_id", 3]]
  ↳ app/views/lists/show.html.erb:44
  [1m[36mMovie Load (0.4ms)[0m  [1m[34mSELECT "movies".* FROM "movies" ORDER BY "movies"."title" ASC[0m
  ↳ app/views/bookmarks/_modal.html.erb:12
  Rendered bookmarks/_modal.html.erb (Duration: 7.6ms | Allocations: 14909)
  Rendered lists/show.html.erb within layouts/application (Duration: 35.9ms | Allocations: 35404)
  Rendered shared/_navbar.html.erb (Duration: 0.1ms | Allocations: 177)
  Rendered shared/_flashes.html.erb (Duration: 0.0ms | Allocations: 31)
  Rendered layout layouts/application.html.erb (Duration: 36.4ms | Allocations: 36093)
Completed 200 OK in 38ms (Views: 22.6ms | ActiveRecord: 14.3ms | Allocations: 36892)


Started GET "/lists/3" for 127.0.0.1 at 2023-08-17 15:03:48 +0200
  [1m[36mActiveRecord::SchemaMigration Pluck (0.9ms)[0m  [1m[34mSELECT "schema_migrations"."version" FROM "schema_migrations" ORDER BY "schema_migrations"."version" ASC[0m
Processing by ListsController#show as HTML
  Parameters: {"id"=>"3"}
  [1m[36mList Load (0.5ms)[0m  [1m[34mSELECT "lists".* FROM "lists" WHERE "lists"."id" = $1 LIMIT $2[0m  [["id", 3], ["LIMIT", 1]]
  ↳ app/controllers/lists_controller.rb:34:in `set_list'
  Rendering layout layouts/application.html.erb
  Rendering lists/show.html.erb within layouts/application
  [1m[36mMovie Count (3.3ms)[0m  [1m[34mSELECT COUNT(*) FROM "movies" INNER JOIN "bookmarks" ON "movies"."id" = "bookmarks"."movie_id" WHERE "bookmarks"."list_id" = $1[0m  [["list_id", 3]]
  ↳ app/views/lists/show.html.erb:5
  [1m[36mMovie Exists? (0.3ms)[0m  [1m[34mSELECT 1 AS one FROM "movies" INNER JOIN "bookmarks" ON "movies"."id" = "bookmarks"."movie_id" WHERE "bookmarks"."list_id" = $1 LIMIT $2[0m  [["list_id", 3], ["LIMIT", 1]]
  ↳ app/views/lists/show.html.erb:9
  [1m[36mMovie Load (0.8ms)[0m  [1m[34mSELECT "movies".* FROM "movies" INNER JOIN "bookmarks" ON "movies"."id" = "bookmarks"."movie_id" WHERE "bookmarks"."list_id" = $1[0m  [["list_id", 3]]
  ↳ app/views/lists/show.html.erb:18
  [1m[36mBookmark Load (0.1ms)[0m  [1m[34mSELECT "bookmarks".* FROM "bookmarks" WHERE "bookmarks"."list_id" = $1 AND "bookmarks"."movie_id" = $2 LIMIT $3[0m  [["list_id", 3], ["movie_id", 5], ["LIMIT", 1]]
  ↳ app/views/lists/show.html.erb:19
  [1m[36mReview Exists? (0.4ms)[0m  [1m[34mSELECT 1 AS one FROM "reviews" WHERE "reviews"."list_id" = $1 LIMIT $2[0m  [["list_id", 3], ["LIMIT", 1]]
  ↳ app/views/lists/show.html.erb:41
  [1m[36mReview Load (0.1ms)[0m  [1m[34mSELECT "reviews".* FROM "reviews" WHERE "reviews"."list_id" = $1[0m  [["list_id", 3]]
  ↳ app/views/lists/show.html.erb:44
  [1m[36mMovie Load (6.2ms)[0m  [1m[34mSELECT "movies".* FROM "movies" ORDER BY "movies"."title" ASC[0m
  ↳ app/views/bookmarks/_modal.html.erb:12
  Rendered bookmarks/_modal.html.erb (Duration: 13.3ms | Allocations: 15756)
  Rendered lists/show.html.erb within layouts/application (Duration: 51.9ms | Allocations: 57009)
  Rendered shared/_navbar.html.erb (Duration: 0.4ms | Allocations: 417)
  Rendered shared/_flashes.html.erb (Duration: 0.2ms | Allocations: 237)
  Rendered layout layouts/application.html.erb (Duration: 53.4ms | Allocations: 58595)
Completed 200 OK in 91ms (Views: 38.5ms | ActiveRecord: 41.1ms | Allocations: 77364)


Started POST "/lists/3/bookmarks" for 127.0.0.1 at 2023-08-17 15:03:58 +0200
Processing by BookmarksController#create as TURBO_STREAM
  Parameters: {"authenticity_token"=>"[FILTERED]", "bookmark"=>{"movie_id"=>"18", "comment"=>"this is very nice"}, "commit"=>"Add movie", "list_id"=>"3"}
  [1m[36mList Load (0.5ms)[0m  [1m[34mSELECT "lists".* FROM "lists" WHERE "lists"."id" = $1 LIMIT $2[0m  [["id", 3], ["LIMIT", 1]]
  ↳ app/controllers/bookmarks_controller.rb:35:in `set_list'
  [1m[36mTRANSACTION (0.1ms)[0m  [1m[35mBEGIN[0m
  ↳ app/controllers/bookmarks_controller.rb:12:in `create'
  [1m[36mMovie Load (0.3ms)[0m  [1m[34mSELECT "movies".* FROM "movies" WHERE "movies"."id" = $1 LIMIT $2[0m  [["id", 18], ["LIMIT", 1]]
  ↳ app/controllers/bookmarks_controller.rb:12:in `create'
  [1m[36mBookmark Exists? (0.3ms)[0m  [1m[34mSELECT 1 AS one FROM "bookmarks" WHERE "bookmarks"."movie_id" = $1 AND "bookmarks"."list_id" = $2 LIMIT $3[0m  [["movie_id", 18], ["list_id", 3], ["LIMIT", 1]]
  ↳ app/controllers/bookmarks_controller.rb:12:in `create'
  [1m[36mBookmark Create (5.8ms)[0m  [1m[32mINSERT INTO "bookmarks" ("comment", "movie_id", "list_id", "created_at", "updated_at") VALUES ($1, $2, $3, $4, $5) RETURNING "id"[0m  [["comment", "this is very nice"], ["movie_id", 18], ["list_id", 3], ["created_at", "2023-08-17 13:03:58.061699"], ["updated_at", "2023-08-17 13:03:58.061699"]]
  ↳ app/controllers/bookmarks_controller.rb:12:in `create'
  [1m[36mTRANSACTION (1.2ms)[0m  [1m[35mCOMMIT[0m
  ↳ app/controllers/bookmarks_controller.rb:12:in `create'
Redirected to http://127.0.0.1:3000/lists/3
Completed 302 Found in 34ms (ActiveRecord: 8.2ms | Allocations: 7152)


Started GET "/lists/3" for 127.0.0.1 at 2023-08-17 15:03:58 +0200
Processing by ListsController#show as TURBO_STREAM
  Parameters: {"id"=>"3"}
  [1m[36mList Load (0.2ms)[0m  [1m[34mSELECT "lists".* FROM "lists" WHERE "lists"."id" = $1 LIMIT $2[0m  [["id", 3], ["LIMIT", 1]]
  ↳ app/controllers/lists_controller.rb:34:in `set_list'
  Rendering layout layouts/application.html.erb
  Rendering lists/show.html.erb within layouts/application
  [1m[36mMovie Count (12.0ms)[0m  [1m[34mSELECT COUNT(*) FROM "movies" INNER JOIN "bookmarks" ON "movies"."id" = "bookmarks"."movie_id" WHERE "bookmarks"."list_id" = $1[0m  [["list_id", 3]]
  ↳ app/views/lists/show.html.erb:5
  [1m[36mMovie Exists? (0.4ms)[0m  [1m[34mSELECT 1 AS one FROM "movies" INNER JOIN "bookmarks" ON "movies"."id" = "bookmarks"."movie_id" WHERE "bookmarks"."list_id" = $1 LIMIT $2[0m  [["list_id", 3], ["LIMIT", 1]]
  ↳ app/views/lists/show.html.erb:9
  [1m[36mMovie Load (0.2ms)[0m  [1m[34mSELECT "movies".* FROM "movies" INNER JOIN "bookmarks" ON "movies"."id" = "bookmarks"."movie_id" WHERE "bookmarks"."list_id" = $1[0m  [["list_id", 3]]
  ↳ app/views/lists/show.html.erb:18
  [1m[36mBookmark Load (0.3ms)[0m  [1m[34mSELECT "bookmarks".* FROM "bookmarks" WHERE "bookmarks"."list_id" = $1 AND "bookmarks"."movie_id" = $2 LIMIT $3[0m  [["list_id", 3], ["movie_id", 5], ["LIMIT", 1]]
  ↳ app/views/lists/show.html.erb:19
  [1m[36mBookmark Load (0.2ms)[0m  [1m[34mSELECT "bookmarks".* FROM "bookmarks" WHERE "bookmarks"."list_id" = $1 AND "bookmarks"."movie_id" = $2 LIMIT $3[0m  [["list_id", 3], ["movie_id", 18], ["LIMIT", 1]]
  ↳ app/views/lists/show.html.erb:19
  [1m[36mReview Exists? (0.3ms)[0m  [1m[34mSELECT 1 AS one FROM "reviews" WHERE "reviews"."list_id" = $1 LIMIT $2[0m  [["list_id", 3], ["LIMIT", 1]]
  ↳ app/views/lists/show.html.erb:41
  [1m[36mReview Load (0.2ms)[0m  [1m[34mSELECT "reviews".* FROM "reviews" WHERE "reviews"."list_id" = $1[0m  [["list_id", 3]]
  ↳ app/views/lists/show.html.erb:44
  [1m[36mMovie Load (0.5ms)[0m  [1m[34mSELECT "movies".* FROM "movies" ORDER BY "movies"."title" ASC[0m
  ↳ app/views/bookmarks/_modal.html.erb:12
  Rendered bookmarks/_modal.html.erb (Duration: 17.2ms | Allocations: 14929)
  Rendered lists/show.html.erb within layouts/application (Duration: 45.8ms | Allocations: 34388)
  Rendered shared/_navbar.html.erb (Duration: 0.1ms | Allocations: 178)
  Rendered shared/_flashes.html.erb (Duration: 0.0ms | Allocations: 36)
  Rendered layout layouts/application.html.erb (Duration: 46.4ms | Allocations: 35090)
Completed 200 OK in 48ms (Views: 32.7ms | ActiveRecord: 14.2ms | Allocations: 35978)


Started DELETE "/bookmarks/2" for 127.0.0.1 at 2023-08-17 15:04:21 +0200
Processing by BookmarksController#destroy as TURBO_STREAM
  Parameters: {"id"=>"2"}
  [1m[36mBookmark Load (0.7ms)[0m  [1m[34mSELECT "bookmarks".* FROM "bookmarks" WHERE "bookmarks"."id" = $1 LIMIT $2[0m  [["id", 2], ["LIMIT", 1]]
  ↳ app/controllers/bookmarks_controller.rb:31:in `set_bookmark'
  [1m[36mTRANSACTION (0.2ms)[0m  [1m[35mBEGIN[0m
  ↳ app/controllers/bookmarks_controller.rb:20:in `destroy'
  [1m[36mBookmark Destroy (2.5ms)[0m  [1m[31mDELETE FROM "bookmarks" WHERE "bookmarks"."id" = $1[0m  [["id", 2]]
  ↳ app/controllers/bookmarks_controller.rb:20:in `destroy'
  [1m[36mTRANSACTION (0.5ms)[0m  [1m[35mCOMMIT[0m
  ↳ app/controllers/bookmarks_controller.rb:20:in `destroy'
  [1m[36mList Load (0.2ms)[0m  [1m[34mSELECT "lists".* FROM "lists" WHERE "lists"."id" = $1 LIMIT $2[0m  [["id", 3], ["LIMIT", 1]]
  ↳ app/controllers/bookmarks_controller.rb:21:in `destroy'
Redirected to http://127.0.0.1:3000/lists/3
Completed 303 See Other in 16ms (ActiveRecord: 4.0ms | Allocations: 4526)


Started GET "/lists/3" for 127.0.0.1 at 2023-08-17 15:04:21 +0200
Processing by ListsController#show as TURBO_STREAM
  Parameters: {"id"=>"3"}
  [1m[36mList Load (0.3ms)[0m  [1m[34mSELECT "lists".* FROM "lists" WHERE "lists"."id" = $1 LIMIT $2[0m  [["id", 3], ["LIMIT", 1]]
  ↳ app/controllers/lists_controller.rb:34:in `set_list'
  Rendering layout layouts/application.html.erb
  Rendering lists/show.html.erb within layouts/application
  [1m[36mMovie Count (14.5ms)[0m  [1m[34mSELECT COUNT(*) FROM "movies" INNER JOIN "bookmarks" ON "movies"."id" = "bookmarks"."movie_id" WHERE "bookmarks"."list_id" = $1[0m  [["list_id", 3]]
  ↳ app/views/lists/show.html.erb:5
  [1m[36mMovie Exists? (0.4ms)[0m  [1m[34mSELECT 1 AS one FROM "movies" INNER JOIN "bookmarks" ON "movies"."id" = "bookmarks"."movie_id" WHERE "bookmarks"."list_id" = $1 LIMIT $2[0m  [["list_id", 3], ["LIMIT", 1]]
  ↳ app/views/lists/show.html.erb:9
  [1m[36mMovie Load (0.3ms)[0m  [1m[34mSELECT "movies".* FROM "movies" INNER JOIN "bookmarks" ON "movies"."id" = "bookmarks"."movie_id" WHERE "bookmarks"."list_id" = $1[0m  [["list_id", 3]]
  ↳ app/views/lists/show.html.erb:18
  [1m[36mBookmark Load (0.2ms)[0m  [1m[34mSELECT "bookmarks".* FROM "bookmarks" WHERE "bookmarks"."list_id" = $1 AND "bookmarks"."movie_id" = $2 LIMIT $3[0m  [["list_id", 3], ["movie_id", 5], ["LIMIT", 1]]
  ↳ app/views/lists/show.html.erb:19
  [1m[36mReview Exists? (0.1ms)[0m  [1m[34mSELECT 1 AS one FROM "reviews" WHERE "reviews"."list_id" = $1 LIMIT $2[0m  [["list_id", 3], ["LIMIT", 1]]
  ↳ app/views/lists/show.html.erb:41
  [1m[36mReview Load (0.1ms)[0m  [1m[34mSELECT "reviews".* FROM "reviews" WHERE "reviews"."list_id" = $1[0m  [["list_id", 3]]
  ↳ app/views/lists/show.html.erb:44
  [1m[36mMovie Load (0.5ms)[0m  [1m[34mSELECT "movies".* FROM "movies" ORDER BY "movies"."title" ASC[0m
  ↳ app/views/bookmarks/_modal.html.erb:12
  Rendered bookmarks/_modal.html.erb (Duration: 10.5ms | Allocations: 14907)
  Rendered lists/show.html.erb within layouts/application (Duration: 45.3ms | Allocations: 33375)
  Rendered shared/_navbar.html.erb (Duration: 0.1ms | Allocations: 177)
  Rendered shared/_flashes.html.erb (Duration: 0.0ms | Allocations: 31)
  Rendered layout layouts/application.html.erb (Duration: 45.9ms | Allocations: 34065)
Completed 200 OK in 48ms (Views: 30.1ms | ActiveRecord: 16.4ms | Allocations: 34865)


Started DELETE "/lists/3" for 127.0.0.1 at 2023-08-17 15:04:23 +0200
Processing by ListsController#destroy as TURBO_STREAM
  Parameters: {"id"=>"3"}
  [1m[36mList Load (0.4ms)[0m  [1m[34mSELECT "lists".* FROM "lists" WHERE "lists"."id" = $1 LIMIT $2[0m  [["id", 3], ["LIMIT", 1]]
  ↳ app/controllers/lists_controller.rb:34:in `set_list'
  [1m[36mTRANSACTION (0.8ms)[0m  [1m[35mBEGIN[0m
  ↳ app/controllers/lists_controller.rb:27:in `destroy'
  [1m[36mBookmark Load (0.4ms)[0m  [1m[34mSELECT "bookmarks".* FROM "bookmarks" WHERE "bookmarks"."list_id" = $1[0m  [["list_id", 3]]
  ↳ app/controllers/lists_controller.rb:27:in `destroy'
  [1m[36mBookmark Destroy (0.3ms)[0m  [1m[31mDELETE FROM "bookmarks" WHERE "bookmarks"."id" = $1[0m  [["id", 1]]
  ↳ app/controllers/lists_controller.rb:27:in `destroy'
  [1m[36mMovie Load (0.3ms)[0m  [1m[34mSELECT "movies".* FROM "movies" INNER JOIN "bookmarks" ON "movies"."id" = "bookmarks"."movie_id" WHERE "bookmarks"."list_id" = $1[0m  [["list_id", 3]]
  ↳ app/controllers/lists_controller.rb:27:in `destroy'
  [1m[36mReview Load (0.3ms)[0m  [1m[34mSELECT "reviews".* FROM "reviews" WHERE "reviews"."list_id" = $1[0m  [["list_id", 3]]
  ↳ app/controllers/lists_controller.rb:27:in `destroy'
  [1m[36mReview Destroy (0.4ms)[0m  [1m[31mDELETE FROM "reviews" WHERE "reviews"."id" = $1[0m  [["id", 2]]
  ↳ app/controllers/lists_controller.rb:27:in `destroy'
  [1m[36mList Destroy (1.0ms)[0m  [1m[31mDELETE FROM "lists" WHERE "lists"."id" = $1[0m  [["id", 3]]
  ↳ app/controllers/lists_controller.rb:27:in `destroy'
  [1m[36mTRANSACTION (0.3ms)[0m  [1m[35mCOMMIT[0m
  ↳ app/controllers/lists_controller.rb:27:in `destroy'
Redirected to http://127.0.0.1:3000/lists
Completed 303 See Other in 20ms (ActiveRecord: 4.0ms | Allocations: 7638)


Started GET "/lists" for 127.0.0.1 at 2023-08-17 15:04:24 +0200
Processing by ListsController#index as TURBO_STREAM
  Rendering layout layouts/application.html.erb
  Rendering lists/index.html.erb within layouts/application
  [1m[36mList Load (0.4ms)[0m  [1m[34mSELECT "lists".* FROM "lists"[0m
  ↳ app/views/lists/index.html.erb:13
  Rendered lists/index.html.erb within layouts/application (Duration: 2.9ms | Allocations: 1044)
  Rendered shared/_navbar.html.erb (Duration: 0.1ms | Allocations: 178)
  Rendered shared/_flashes.html.erb (Duration: 0.0ms | Allocations: 31)
  Rendered layout layouts/application.html.erb (Duration: 4.1ms | Allocations: 2211)
Completed 200 OK in 5ms (Views: 4.0ms | ActiveRecord: 0.4ms | Allocations: 2549)


